<?xml version="1.0" encoding="UTF-8"?>
<!-- Generated by org.testng.reporters.JUnitReportReporter -->
<testsuite skipped="0" hostname="pi3002" name="IPF_Ex.TestSuite2" tests="3" failures="0" timestamp="19 Apr 2019 18:29:28 GMT" time="0.024" errors="0">
  <testcase name="GetMaxUserId" time="0.008" classname="IPF_Ex.TestSuite2"/>
  <testcase name="GetMaxPostIdFromUser" time="0.008" classname="IPF_Ex.TestSuite2"/>
  <testcase name="CreateCommentForPost" time="0.008" classname="IPF_Ex.TestSuite2"/>
</testsuite> <!-- IPF_Ex.TestSuite2 -->
