<?xml version="1.0" encoding="UTF-8"?>
<!-- Generated by org.testng.reporters.JUnitReportReporter -->
<testsuite skipped="0" hostname="pi3002" name="IPF_Ex.TestSuite2" tests="3" failures="0" timestamp="20 Apr 2019 11:43:09 GMT" time="2.077" errors="0">
  <testcase name="GetMaxUserId" time="0.827" classname="IPF_Ex.TestSuite2"/>
  <testcase name="CreateCommentForPost" time="0.797" classname="IPF_Ex.TestSuite2"/>
  <testcase name="GetMaxUserPostId" time="0.453" classname="IPF_Ex.TestSuite2"/>
</testsuite> <!-- IPF_Ex.TestSuite2 -->
